Base path: C:/Program Files/Unity/Editor/Data
Cmd: initializeCompiler
Cmd: compileSnippet
  api=4 type=0 insize=4607 outsize=3322 kw=SPOT pd=UNITY_ENABLE_REFLECTION_BUFFERS UNITY_USE_DITHER_MASK_FOR_ALPHABLENDED_SHADOWS UNITY_PBS_USE_BRDF1 UNITY_SPECCUBE_BOX_PROJECTION UNITY_SPECCUBE_BLENDING UNITY_ENABLE_DETAIL_NORMALMAP SHADER_API_DESKTOP UNITY_COLORSPACE_GAMMA UNITY_LIGHT_PROBE_PROXY_VOLUME UNITY_LIGHTMAP_FULL_HDR ok=1
Cmd: disassembleShader
  api=4 insize=3322 outsize=4812 ok=1
Cmd: compileSnippet
  api=4 type=1 insize=4607 outsize=474 kw=POINT pd=UNITY_ENABLE_REFLECTION_BUFFERS UNITY_USE_DITHER_MASK_FOR_ALPHABLENDED_SHADOWS UNITY_PBS_USE_BRDF1 UNITY_SPECCUBE_BOX_PROJECTION UNITY_SPECCUBE_BLENDING UNITY_ENABLE_DETAIL_NORMALMAP SHADER_API_DESKTOP UNITY_COLORSPACE_GAMMA UNITY_LIGHT_PROBE_PROXY_VOLUME UNITY_LIGHTMAP_FULL_HDR ok=1
Cmd: disassembleShader
  api=4 insize=474 outsize=1222 ok=1
Cmd: disassembleShader
  api=4 insize=1938 outsize=3183 ok=1
Cmd: disassembleShader
  api=4 insize=474 outsize=1222 ok=1
Cmd: disassembleShader
  api=4 insize=1214 outsize=2087 ok=1
Cmd: disassembleShader
  api=4 insize=250 outsize=761 ok=1
Cmd: disassembleShader
  api=4 insize=1938 outsize=3183 ok=1
Cmd: disassembleShader
  api=4 insize=474 outsize=1222 ok=1
Cmd: disassembleShader
  api=4 insize=3142 outsize=4613 ok=1
Cmd: disassembleShader
  api=4 insize=474 outsize=1222 ok=1
Cmd: initializeCompiler
Cmd: initializeCompiler
Cmd: initializeCompiler
Cmd: initializeCompiler
Cmd: initializeCompiler
Cmd: initializeCompiler
Cmd: initializeCompiler
Cmd: initializeCompiler
Cmd: initializeCompiler
Cmd: initializeCompiler
Cmd: initializeCompiler
Cmd: initializeCompiler
